<?xml version="1.0" encoding="UTF-8"?>
<!-- Generated by org.testng.reporters.JUnitXMLReporter -->
<testsuite hostname="WKWIN6030683" ignored="0" name="Default test" tests="3" failures="0" timestamp="2019-10-19T22:56:14 IST" time="8.88" errors="0">
  <testcase name="checkContentType" time="0.008" classname="com.api.testcases.TC02_CommentsOnPosts"/>
  <testcase name="checkResponseCode" time="0.001" classname="com.api.testcases.TC02_CommentsOnPosts"/>
  <testcase name="responseBody" time="0.008" classname="com.api.testcases.TC02_CommentsOnPosts"/>
</testsuite> <!-- Default test -->
