<?xml version="1.0" encoding="UTF-8"?>
<!-- Generated by org.testng.reporters.JUnitXMLReporter -->
<testsuite hostname="WKWIN6030683" ignored="0" name="Test" tests="14" failures="0" timestamp="2019-10-19T23:01:18 IST" time="21.882" errors="0">
  <testcase name="checkContentType" time="0.007" classname="com.api.testcases.TC01_UserPosts"/>
  <testcase name="checkResponseCode" time="0.001" classname="com.api.testcases.TC01_UserPosts"/>
  <testcase name="responseBody" time="0.008" classname="com.api.testcases.TC01_UserPosts"/>
  <testcase name="checkContentType" time="0.002" classname="com.api.testcases.TC02_CommentsOnPosts"/>
  <testcase name="checkResponseCode" time="0.002" classname="com.api.testcases.TC02_CommentsOnPosts"/>
  <testcase name="responseBody" time="0.003" classname="com.api.testcases.TC02_CommentsOnPosts"/>
  <testcase name="checkResponseBody" time="0.004" classname="com.api.testcases.TC03_ListofUsers"/>
  <testcase name="checkResponseTime" time="0.003" classname="com.api.testcases.TC03_ListofUsers"/>
  <testcase name="checkresponseCode" time="0.001" classname="com.api.testcases.TC03_ListofUsers"/>
  <testcase name="headerValidation" time="0.001" classname="com.api.testcases.TC03_ListofUsers"/>
  <testcase name="usernames" time="0.247" classname="com.api.testcases.TC03_ListofUsers"/>
  <testcase name="usersAddresss" time="0.015" classname="com.api.testcases.TC03_ListofUsers"/>
  <testcase name="usersCompanyNames" time="0.017" classname="com.api.testcases.TC03_ListofUsers"/>
  <testcase name="responseValidation" time="0.038" classname="com.api.testcases.TC04_ValidateUserDetailsuser_Bret"/>
</testsuite> <!-- Test -->
